<?xml version="1.0" encoding="UTF-8"?>
<!-- Generated by org.testng.reporters.JUnitXMLReporter -->
<testsuite ignored="0" hostname="DESKTOP-385R5N6" failures="0" tests="4" name="Test" time="64.349" errors="0" timestamp="2021-06-09T20:03:42 PST">
  <testcase classname="Academy.validateNavigationBar" name="basePageNavigation" time="0.395"/>
  <testcase classname="Academy.HomePage" name="basePageNavigation" time="17.768"/>
  <testcase classname="Academy.HomePage" name="basePageNavigation" time="20.102"/>
  <testcase classname="Academy.validateTitle" name="basePageNavigation" time="0.298"/>
</testsuite> <!-- Test -->
