<?xml version="1.0" encoding="UTF-8"?>
<!-- Generated by org.testng.reporters.JUnitXMLReporter -->
<testsuite ignored="0" hostname="DESKTOP-385R5N6" failures="0" tests="4" name="Test" time="49.738" errors="0" timestamp="2021-06-10T22:25:16 PST">
  <testcase classname="Academy.validateNavigationBar" name="basePageNavigation" time="0.364"/>
  <testcase classname="Academy.HomePage" name="basePageNavigation" time="14.882"/>
  <testcase classname="Academy.HomePage" name="basePageNavigation" time="11.512"/>
  <testcase classname="Academy.validateTitle" name="basePageNavigation" time="0.163"/>
</testsuite> <!-- Test -->
